editor.opened%5B%5D=1362882816893%3APydevEditor_2.3.0.2011121518
plugin.started%5B%5D=1362882823932%3APydev_2.3.0.2011121518
<<<<<<< HEAD
plugin.started%5B%5D=1363029498040%3APydev_2.3.0.2011121518
editor.opened%5B%5D=1363029737725%3APydevEditor_2.3.0.2011121518
=======
plugin.started%5B%5D=1363016187470%3APydev_2.3.0.2011121518
editor.opened%5B%5D=1363016513232%3APydevEditor_2.3.0.2011121518
editor.opened%5B%5D=1363016519499%3APydevEditor_2.3.0.2011121518
editor.opened%5B%5D=1363016620646%3APydevEditor_2.3.0.2011121518
plugin.started%5B%5D=1363030152365%3APydev_2.3.0.2011121518
editor.opened%5B%5D=1363030177570%3APydevEditor_2.3.0.2011121518
editor.opened%5B%5D=1363030630535%3APydevEditor_2.3.0.2011121518
>>>>>>> Dev-Bracnh-March-11th
editor.opened%5B%5D=1363382906136%3APydevEditor_2.3.0.2011121518
plugin.started%5B%5D=1363382908884%3APydev_2.3.0.2011121518
editor.opened%5B%5D=1363382972387%3APydevEditor_2.3.0.2011121518
plugin.started%5B%5D=1363382974633%3APydev_2.3.0.2011121518
plugin.started%5B%5D=1363383643161%3APydev_2.3.0.2011121518
editor.opened%5B%5D=1363400496533%3APydevEditor_2.3.0.2011121518
editor.opened%5B%5D=1363400531752%3APydevEditor_2.3.0.2011121518
editor.opened%5B%5D=1363400629022%3APydevEditor_2.3.0.2011121518
editor.opened%5B%5D=1363402102759%3APydevEditor_2.3.0.2011121518
editor.opened%5B%5D=1363402111621%3APydevEditor_2.3.0.2011121518
editor.opened%5B%5D=1363467385226%3APydevEditor_2.3.0.2011121518
plugin.started%5B%5D=1363467387102%3APydev_2.3.0.2011121518
editor.opened%5B%5D=1364331073234%3APydevEditor_2.3.0.2011121518
plugin.started%5B%5D=1364331075472%3APydev_2.3.0.2011121518
editor.opened%5B%5D=1364331819788%3APydevEditor_2.3.0.2011121518
editor.opened%5B%5D=1364398322578%3APydevEditor_2.3.0.2011121518
editor.opened%5B%5D=1364398325266%3APydevEditor_2.3.0.2011121518
editor.opened%5B%5D=1364398345717%3APydevEditor_2.3.0.2011121518
editor.opened%5B%5D=1364398726901%3APydevEditor_2.3.0.2011121518
editor.opened%5B%5D=1364399041543%3APydevEditor_2.3.0.2011121518
editor.opened%5B%5D=1364399554245%3APydevEditor_2.3.0.2011121518
editor.opened%5B%5D=1364399595469%3APydevEditor_2.3.0.2011121518
editor.opened%5B%5D=1364399833283%3APydevEditor_2.3.0.2011121518
editor.opened%5B%5D=1364407848374%3APydevEditor_2.3.0.2011121518
editor.opened%5B%5D=1364407889413%3APydevEditor_2.3.0.2011121518
plugin.started%5B%5D=1364417475474%3APydev_2.3.0.2011121518
editor.opened%5B%5D=1364483918703%3APydevEditor_2.3.0.2011121518
plugin.started%5B%5D=1364483921105%3APydev_2.3.0.2011121518
editor.opened%5B%5D=1364485459168%3APydevEditor_2.3.0.2011121518
editor.opened%5B%5D=1364497366286%3APydevEditor_2.3.0.2011121518
editor.opened%5B%5D=1364497450028%3APydevEditor_2.3.0.2011121518
editor.opened%5B%5D=1365534487807%3APydevEditor_2.3.0.2011121518
plugin.started%5B%5D=1365534489912%3APydev_2.3.0.2011121518
editor.opened%5B%5D=1365534517741%3APydevEditor_2.3.0.2011121518
plugin.started%5B%5D=1366658854879%3APydev_2.3.0.2011121518
plugin.started%5B%5D=1366682798461%3APydev_2.3.0.2011121518
editor.opened%5B%5D=1366735881258%3APydevEditor_2.3.0.2011121518
editor.opened%5B%5D=1366735984438%3APydevEditor_2.3.0.2011121518
editor.opened%5B%5D=1366736703445%3APydevEditor_2.3.0.2011121518
plugin.started%5B%5D=1366736052543%3APydev_2.3.0.2011121518
editor.opened%5B%5D=1366754103447%3APydevEditor_2.3.0.2011121518
editor.opened%5B%5D=1366754923408%3APydevEditor_2.3.0.2011121518
editor.opened%5B%5D=1366770101762%3APydevEditor_2.3.0.2011121518
editor.opened%5B%5D=1366771364581%3APydevEditor_2.3.0.2011121518
editor.opened%5B%5D=1366821962715%3APydevEditor_2.3.0.2011121518
editor.opened%5B%5D=1366822410886%3APydevEditor_2.3.0.2011121518
editor.opened%5B%5D=1366822448517%3APydevEditor_2.3.0.2011121518
plugin.started%5B%5D=1366822452624%3APydev_2.3.0.2011121518
editor.opened%5B%5D=1366822532005%3APydevEditor_2.3.0.2011121518
editor.opened%5B%5D=1366830520875%3APydevEditor_2.3.0.2011121518
editor.opened%5B%5D=1366830579770%3APydevEditor_2.3.0.2011121518
editor.opened%5B%5D=1366831221517%3APydevEditor_2.3.0.2011121518
editor.opened%5B%5D=1366831411654%3APydevEditor_2.3.0.2011121518
editor.opened%5B%5D=1366831465975%3APydevEditor_2.3.0.2011121518
editor.opened%5B%5D=1366831959750%3APydevEditor_2.3.0.2011121518
editor.opened%5B%5D=1366834273037%3APydevEditor_2.3.0.2011121518
